Virtuoso Framework License (111) was checked out successfully. Total checkout time was 0.04s.
MPS timeout is set to '60' seconds.
MPS timeout is set to '60' seconds.

Running simulation in directory: "/home/koepcke2/ece425.work/LVS".

INFO (TECH-150003): The technology database "NCSU_TechLib_tsmc03d" has been automatically
updated from revision 226610(DM 0) to revision 227612(DM 3) in virtual memory.


Begin netlist:    Feb 26 19:12:23 2023
	view name list	= ("auLvs" "extracted" "schematic")
	stop name list	= ("auLvs")
	library name	= "ece425mp1"
	cell name	= "aoi22"
	view name	= "extracted"
	globals lib	= "basic"
Running Artist Flat Netlisting ...
Loading hnlInit.cxt 
MPS timeout is set to '60' seconds.
MPS timeout is set to '60' seconds.
*WARNING* Parameter 'lxUseCell' already exists.
End netlist:    Feb 26 19:12:24 2023

Moving original netlist to extNetlist
Removing parasitic components from netlist
	presistors removed:  0
	pcapacitors removed: 0
	pinductors removed:  0
	pdiodes removed:     0
	trans lines removed: 0
	10 nodes merged into 10 nodes


Begin netlist:    Feb 26 19:12:24 2023
	view name list	= ("auLvs" "schematic")
	stop name list	= ("auLvs")
	library name	= "ece425mp1"
	cell name	= "aoi22"
	view name	= "schematic"
	globals lib	= "basic"
Running Artist Flat Netlisting ...
MPS timeout is set to '60' seconds.
MPS timeout is set to '60' seconds.
*WARNING* Parameter 'lxUseCell' already exists.
End netlist:    Feb 26 19:12:24 2023

Moving original netlist to extNetlist
Removing parasitic components from netlist
	presistors removed:  0
	pcapacitors removed: 0
	pinductors removed:  0
	pdiodes removed:     0
	trans lines removed: 0
	12 nodes merged into 12 nodes

Running netlist comparison program:  LVS
Begin comparison:    Feb 26 19:12:24 2023
@(#)$CDS: LVS version 6.1.8-64b 08/17/2021 19:16 (cpgsrv12) $

The net-lists match.

                             layout  schematic
                                instances
        un-matched              0       0      
        rewired                 0       0      
        size errors             0       0      
        pruned                  0       0      
        active                  8       8      
        total                   8       8      

                                  nets
        un-matched              0       0      
        merged                  0       0      
        pruned                  0       0      
        active                  10      10     
        total                   10      10     

                                terminals
        un-matched              0       0      
        matched but
        different type          1       1      
        total                   7       7      
End comparison:      Feb 26 19:12:25 2023
MPS timeout is set to '60' seconds.
MPS timeout is set to '60' seconds.


Comparison program completed successfully.
