@(#)$CDS: LVS version 6.1.8-64b 08/17/2021 19:16 (cpgsrv12) $

Command line: /software/cadence-2021-09/IC618/tools.lnx86/dfII/bin/64bit/LVS -dir /home/koepcke2/ece425.work/LVS -l -s -t /home/koepcke2/ece425.work/LVS/layout /home/koepcke2/ece425.work/LVS/schematic
Like matching is enabled.
Net swapping is enabled.
Using terminal names as correspondence points.

    Net-list summary for /home/koepcke2/ece425.work/LVS/layout/netlist
       count
        10              nets
        7               terminals
        4               pmos
        4               nmos

    Net-list summary for /home/koepcke2/ece425.work/LVS/schematic/netlist
       count
        10              nets
        7               terminals
        4               pmos
        4               nmos


    Terminal correspondence points
    N7        N2        a
    N6        N3        b
    N5        N4        c
    N3        N5        d
    N4        N0        gnd!
    N8        N1        vdd!
    N9        N6        y

Devices in the rules but not in the netlist:
        cap nfet pfet nmos4 pmos4

The net-lists match.

                             layout  schematic
                                instances
        un-matched              0       0      
        rewired                 0       0      
        size errors             0       0      
        pruned                  0       0      
        active                  8       8      
        total                   8       8      

                                  nets
        un-matched              0       0      
        merged                  0       0      
        pruned                  0       0      
        active                  10      10     
        total                   10      10     

                                terminals
        un-matched              0       0      
        matched but
        different type          1       1      
        total                   7       7      


Probe files from /home/koepcke2/ece425.work/LVS/schematic

devbad.out:

netbad.out:

mergenet.out:

termbad.out:
? Terminal y's type in the schematic: output, in the layout: unused

prunenet.out:

prunedev.out:

audit.out:


Probe files from /home/koepcke2/ece425.work/LVS/layout

devbad.out:

netbad.out:

mergenet.out:

termbad.out:
? Terminal y's type in the layout: unused, in the schematic: output

prunenet.out:

prunedev.out:

audit.out:
