
================================================================================

Compare set name: c1 (hierarchical)

Databases:

  Logical   Database                                                  
  Name      Pathname                                                  Type
  ==========================================================================
  g         /class/ece425/mp1/nand2_run1/shm.db/shm.db.trn            Golden
  t         /home/koepcke2/ece425.work/nand2_run1/shm.db/shm.db.trn   Test

Compare command:

  compare . -pos 2ns -neg 2ns -maxerrors 200

Comparison parameters:

  Total error limit:  100
  This error limit:   200
  Depth:              No limit
  Negative tolerance: 2ns
  Positive tolerance: 2ns
  Start time:         0ns
  End time:           18446744073.709551615s

Comparison summary:

  Successful compares: 6/6
  No problems found.

================================================================================

Compare set name: c1:cds_globals.gnd_

Comparison parameters:

  Golden expression: g::cds_globals.gnd_
  Test expression:   t::cds_globals.gnd_

Comparison summary:

  No problems found.

================================================================================

Compare set name: c1:cds_globals.vdd_

Comparison parameters:

  Golden expression: g::cds_globals.vdd_
  Test expression:   t::cds_globals.vdd_

Comparison summary:

  No problems found.

================================================================================

Compare set name: c1:test.a

Comparison parameters:

  Golden expression: g::test.a
  Test expression:   t::test.a

Comparison summary:

  No problems found.

================================================================================

Compare set name: c1:test.b

Comparison parameters:

  Golden expression: g::test.b
  Test expression:   t::test.b

Comparison summary:

  No problems found.

================================================================================

Compare set name: c1:test.i[2:0]

Comparison parameters:

  Golden expression: g::test.i[2:0]
  Test expression:   t::test.i[2:0]

Comparison summary:

  No problems found.

================================================================================

Compare set name: c1:test.y

Comparison parameters:

  Golden expression: g::test.y
  Test expression:   t::test.y

Comparison summary:

  No problems found.

